[    13.771] 
X.Org X Server 1.21.1.4
X Protocol Version 11, Revision 0
[    13.771] Current Operating System: Linux arch 5.19.1-arch2-1 #1 SMP PREEMPT_DYNAMIC Thu, 11 Aug 2022 16:06:13 +0000 x86_64
[    13.771] Kernel command line: BOOT_IMAGE=/vmlinuz-linux root=UUID=2fafe321-b5c6-4092-8ce1-f7b1a5654dd7 rw rootflags=subvol=@ rootfstype=btrfs loglevel=3 quiet
[    13.771]  
[    13.771] Current version of pixman: 0.40.0
[    13.771] 	Before reporting problems, check http://wiki.x.org
	to make sure that you have the latest version.
[    13.771] Markers: (--) probed, (**) from config file, (==) default setting,
	(++) from command line, (!!) notice, (II) informational,
	(WW) warning, (EE) error, (NI) not implemented, (??) unknown.
[    13.772] (==) Log file: "/home/apex/.local/share/xorg/Xorg.0.log", Time: Tue Aug 16 01:34:15 2022
[    13.773] (==) Using config directory: "/etc/X11/xorg.conf.d"
[    13.773] (==) Using system config directory "/usr/share/X11/xorg.conf.d"
[    13.773] (==) No Layout section.  Using the first Screen section.
[    13.773] (==) No screen section available. Using defaults.
[    13.773] (**) |-->Screen "Default Screen Section" (0)
[    13.773] (**) |   |-->Monitor "<default monitor>"
[    13.773] (==) No monitor specified for screen "Default Screen Section".
	Using a default monitor configuration.
[    13.773] (==) Automatically adding devices
[    13.773] (==) Automatically enabling devices
[    13.773] (==) Automatically adding GPU devices
[    13.773] (==) Automatically binding GPU devices
[    13.773] (==) Max clients allowed: 256, resource mask: 0x1fffff
[    13.774] (WW) The directory "/usr/share/fonts/misc" does not exist.
[    13.774] 	Entry deleted from font path.
[    13.775] (WW) The directory "/usr/share/fonts/OTF" does not exist.
[    13.775] 	Entry deleted from font path.
[    13.775] (WW) The directory "/usr/share/fonts/Type1" does not exist.
[    13.775] 	Entry deleted from font path.
[    13.775] (==) FontPath set to:
	/usr/share/fonts/TTF,
	/usr/share/fonts/100dpi,
	/usr/share/fonts/75dpi
[    13.775] (==) ModulePath set to "/usr/lib/xorg/modules"
[    13.775] (II) The server relies on udev to provide the list of input devices.
	If no devices become available, reconfigure udev or disable AutoAddDevices.
[    13.775] (II) Module ABI versions:
[    13.775] 	X.Org ANSI C Emulation: 0.4
[    13.775] 	X.Org Video Driver: 25.2
[    13.775] 	X.Org XInput driver : 24.4
[    13.775] 	X.Org Server Extension : 10.0
[    13.776] (++) using VT number 1

[    13.778] (II) systemd-logind: took control of session /org/freedesktop/login1/session/_31
[    13.779] (II) xfree86: Adding drm device (/dev/dri/card0)
[    13.779] (II) Platform probe for /sys/devices/pci0000:00/0000:00:01.0/0000:01:00.0/drm/card0
[    13.780] (II) systemd-logind: got fd for /dev/dri/card0 226:0 fd 13 paused 0
[    13.784] (--) PCI:*(1@0:0:0) 10de:1f91:17aa:3ffb rev 161, Mem @ 0xb2000000/16777216, 0xa0000000/268435456, 0xb0000000/33554432, I/O @ 0x00004000/128, BIOS @ 0x????????/524288
[    13.784] (WW) Open ACPI failed (/var/run/acpid.socket) (No such file or directory)
[    13.784] (II) LoadModule: "glx"
[    13.784] (II) Loading /usr/lib/xorg/modules/extensions/libglx.so
[    13.789] (II) Module glx: vendor="X.Org Foundation"
[    13.789] 	compiled for 1.21.1.4, module version = 1.0.0
[    13.789] 	ABI class: X.Org Server Extension, version 10.0
[    13.789] (==) Matched nouveau as autoconfigured driver 0
[    13.789] (==) Matched nv as autoconfigured driver 1
[    13.789] (==) Matched modesetting as autoconfigured driver 2
[    13.789] (==) Matched fbdev as autoconfigured driver 3
[    13.789] (==) Matched vesa as autoconfigured driver 4
[    13.789] (==) Assigned the driver to the xf86ConfigLayout
[    13.789] (II) LoadModule: "nouveau"
[    13.789] (WW) Warning, couldn't open module nouveau
[    13.789] (EE) Failed to load module "nouveau" (module does not exist, 0)
[    13.789] (II) LoadModule: "nv"
[    13.789] (WW) Warning, couldn't open module nv
[    13.789] (EE) Failed to load module "nv" (module does not exist, 0)
[    13.789] (II) LoadModule: "modesetting"
[    13.790] (II) Loading /usr/lib/xorg/modules/drivers/modesetting_drv.so
[    13.792] (II) Module modesetting: vendor="X.Org Foundation"
[    13.792] 	compiled for 1.21.1.4, module version = 1.21.1
[    13.792] 	Module class: X.Org Video Driver
[    13.792] 	ABI class: X.Org Video Driver, version 25.2
[    13.792] (II) LoadModule: "fbdev"
[    13.792] (WW) Warning, couldn't open module fbdev
[    13.792] (EE) Failed to load module "fbdev" (module does not exist, 0)
[    13.792] (II) LoadModule: "vesa"
[    13.792] (II) Loading /usr/lib/xorg/modules/drivers/vesa_drv.so
[    13.794] (II) Module vesa: vendor="X.Org Foundation"
[    13.794] 	compiled for 1.21.1.3, module version = 2.5.0
[    13.794] 	Module class: X.Org Video Driver
[    13.794] 	ABI class: X.Org Video Driver, version 25.2
[    13.794] (II) modesetting: Driver for Modesetting Kernel Drivers: kms
[    13.794] (II) VESA: driver for VESA chipsets: vesa
[    13.794] xf86EnableIO: failed to enable I/O ports 0000-03ff (Operation not permitted)
[    13.794] (II) modeset(0): using drv /dev/dri/card0
[    13.794] (WW) VGA arbiter: cannot open kernel arbiter, no multi-card support
[    13.794] (II) modeset(0): Creating default Display subsection in Screen section
	"Default Screen Section" for depth/fbbpp 24/32
[    13.794] (==) modeset(0): Depth 24, (==) framebuffer bpp 32
[    13.794] (==) modeset(0): RGB weight 888
[    13.794] (==) modeset(0): Default visual is TrueColor
[    13.794] (II) Loading sub module "glamoregl"
[    13.794] (II) LoadModule: "glamoregl"
[    13.794] (II) Loading /usr/lib/xorg/modules/libglamoregl.so
[    13.800] (II) Module glamoregl: vendor="X.Org Foundation"
[    13.800] 	compiled for 1.21.1.4, module version = 1.0.1
[    13.800] 	ABI class: X.Org ANSI C Emulation, version 0.4
[    13.947] (II) modeset(0): glamor X acceleration enabled on NV167
[    13.947] (II) modeset(0): glamor initialized
[    13.947] (==) modeset(0): VariableRefresh: disabled
[    13.947] (==) modeset(0): AsyncFlipSecondaries: disabled
[    14.028] (II) modeset(0): Output DP-1 has no monitor section
[    14.108] (II) modeset(0): Output DP-2 has no monitor section
[    14.112] (II) modeset(0): Output eDP-1 has no monitor section
[    14.113] (II) modeset(0): Output HDMI-1 has no monitor section
[    14.194] (II) modeset(0): EDID for output DP-1
[    14.271] (II) modeset(0): EDID for output DP-2
[    14.275] (II) modeset(0): EDID for output eDP-1
[    14.275] (II) modeset(0): Manufacturer: AUO  Model: 21ed  Serial#: 0
[    14.275] (II) modeset(0): Year: 2016  Week: 0
[    14.275] (II) modeset(0): EDID Version: 1.4
[    14.275] (II) modeset(0): Digital Display Input
[    14.275] (II) modeset(0): 8 bits per channel
[    14.275] (II) modeset(0): Digital interface is DisplayPort
[    14.275] (II) modeset(0): Max Image Size [cm]: horiz.: 34  vert.: 19
[    14.275] (II) modeset(0): Gamma: 2.20
[    14.275] (II) modeset(0): No DPMS capabilities specified
[    14.275] (II) modeset(0): Supported color encodings: RGB 4:4:4 
[    14.275] (II) modeset(0): First detailed timing is preferred mode
[    14.275] (II) modeset(0): Preferred mode is native pixel format and refresh rate
[    14.275] (II) modeset(0): redX: 0.575 redY: 0.346   greenX: 0.347 greenY: 0.572
[    14.275] (II) modeset(0): blueX: 0.158 blueY: 0.117   whiteX: 0.313 whiteY: 0.329
[    14.275] (II) modeset(0): Manufacturer's mask: 0
[    14.275] (II) modeset(0): Supported detailed timing:
[    14.275] (II) modeset(0): clock: 141.0 MHz   Image Size:  344 x 193 mm
[    14.275] (II) modeset(0): h_active: 1920  h_sync: 2028  h_sync_end 2076 h_blank_end 2100 h_border: 0
[    14.275] (II) modeset(0): v_active: 1080  v_sync: 1090  v_sync_end 1100 v_blanking: 1116 v_border: 0
[    14.275] (II) modeset(0): Unknown vendor-specific block f
[    14.275] (II) modeset(0):  AUO
[    14.275] (II) modeset(0):  B156HAN02.1
[    14.275] (II) modeset(0): EDID (in hex):
[    14.275] (II) modeset(0): 	00ffffffffffff0006afed2100000000
[    14.275] (II) modeset(0): 	001a0104a5221378026e859358589228
[    14.275] (II) modeset(0): 	1e505400000001010101010101010101
[    14.275] (II) modeset(0): 	010101010101143780b4703824406c30
[    14.275] (II) modeset(0): 	aa0058c1100000180000000f00000000
[    14.275] (II) modeset(0): 	00000000000000000020000000fe0041
[    14.275] (II) modeset(0): 	554f0a202020202020202020000000fe
[    14.275] (II) modeset(0): 	004231353648414e30322e31200a0022
[    14.275] (II) modeset(0): Printing probed modes for output eDP-1
[    14.275] (II) modeset(0): Modeline "1920x1080"x60.2  141.00  1920 2028 2076 2100  1080 1090 1100 1116 -hsync -vsync (67.1 kHz eP)
[    14.275] (II) modeset(0): Modeline "1920x1080"x120.0  356.38  1920 2080 2288 2656  1080 1081 1084 1118 doublescan -hsync +vsync (134.2 kHz d)
[    14.275] (II) modeset(0): Modeline "1920x1080"x119.9  266.50  1920 1944 1960 2000  1080 1081 1084 1111 doublescan +hsync -vsync (133.2 kHz d)
[    14.275] (II) modeset(0): Modeline "1920x1080"x60.0  173.00  1920 2048 2248 2576  1080 1083 1088 1120 -hsync +vsync (67.2 kHz d)
[    14.275] (II) modeset(0): Modeline "1920x1080"x59.9  138.50  1920 1968 2000 2080  1080 1083 1088 1111 +hsync -vsync (66.6 kHz d)
[    14.275] (II) modeset(0): Modeline "1680x1050"x60.0  146.36  1680 1784 1960 2240  1050 1053 1059 1089 -hsync +vsync (65.3 kHz)
[    14.275] (II) modeset(0): Modeline "1680x1050"x60.0  146.25  1680 1784 1960 2240  1050 1053 1059 1089 -hsync +vsync (65.3 kHz d)
[    14.275] (II) modeset(0): Modeline "1680x1050"x59.9  119.00  1680 1728 1760 1840  1050 1053 1059 1080 +hsync -vsync (64.7 kHz d)
[    14.275] (II) modeset(0): Modeline "1400x1050"x60.0  122.00  1400 1488 1640 1880  1050 1052 1064 1082 +hsync +vsync (64.9 kHz d)
[    14.276] (II) modeset(0): Modeline "1400x1050"x60.0  121.79  1400 1488 1632 1864  1050 1053 1057 1089 -hsync +vsync (65.3 kHz)
[    14.276] (II) modeset(0): Modeline "1600x900"x120.0  246.00  1600 1728 1900 2200  900 901 904 932 doublescan -hsync +vsync (111.8 kHz d)
[    14.276] (II) modeset(0): Modeline "1600x900"x119.9  186.50  1600 1624 1640 1680  900 901 904 926 doublescan +hsync -vsync (111.0 kHz d)
[    14.276] (II) modeset(0): Modeline "1600x900"x59.9  118.25  1600 1696 1856 2112  900 903 908 934 -hsync +vsync (56.0 kHz d)
[    14.276] (II) modeset(0): Modeline "1600x900"x59.8   97.50  1600 1648 1680 1760  900 903 908 926 +hsync -vsync (55.4 kHz d)
[    14.276] (II) modeset(0): Modeline "1280x1024"x59.9  109.10  1280 1368 1496 1712  1024 1027 1034 1063 -hsync +vsync (63.7 kHz)
[    14.276] (II) modeset(0): Modeline "1280x1024"x60.0  108.00  1280 1328 1440 1688  1024 1025 1028 1066 +hsync +vsync (64.0 kHz d)
[    14.276] (II) modeset(0): Modeline "1400x900"x60.0  103.50  1400 1480 1624 1848  900 903 913 934 -hsync +vsync (56.0 kHz d)
[    14.276] (II) modeset(0): Modeline "1400x900"x59.9   86.50  1400 1448 1480 1560  900 903 913 926 +hsync -vsync (55.4 kHz d)
[    14.276] (II) modeset(0): Modeline "1280x960"x60.0  108.00  1280 1376 1488 1800  960 961 964 1000 +hsync +vsync (60.0 kHz d)
[    14.276] (II) modeset(0): Modeline "1280x960"x60.0  101.34  1280 1360 1488 1696  960 963 967 996 -hsync +vsync (59.8 kHz)
[    14.276] (II) modeset(0): Modeline "1440x810"x120.0  198.12  1440 1548 1704 1968  810 811 814 839 doublescan -hsync +vsync (100.7 kHz d)
[    14.276] (II) modeset(0): Modeline "1440x810"x119.9  151.88  1440 1464 1480 1520  810 811 814 833 doublescan +hsync -vsync (99.9 kHz d)
[    14.276] (II) modeset(0): Modeline "1368x768"x59.9   85.25  1368 1440 1576 1784  768 771 781 798 -hsync +vsync (47.8 kHz d)
[    14.276] (II) modeset(0): Modeline "1368x768"x59.9   72.25  1368 1416 1448 1528  768 771 781 790 +hsync -vsync (47.3 kHz d)
[    14.276] (II) modeset(0): Modeline "1280x800"x120.0  174.25  1280 1380 1516 1752  800 801 804 829 doublescan -hsync +vsync (99.5 kHz d)
[    14.276] (II) modeset(0): Modeline "1280x800"x119.9  134.25  1280 1304 1320 1360  800 801 804 823 doublescan +hsync -vsync (98.7 kHz d)
[    14.276] (II) modeset(0): Modeline "1280x800"x59.8   83.50  1280 1352 1480 1680  800 803 809 831 -hsync +vsync (49.7 kHz d)
[    14.276] (II) modeset(0): Modeline "1280x800"x59.9   71.00  1280 1328 1360 1440  800 803 809 823 +hsync -vsync (49.3 kHz d)
[    14.276] (II) modeset(0): Modeline "1152x864"x60.0   81.77  1152 1216 1336 1520  864 867 871 897 -hsync +vsync (53.8 kHz)
[    14.276] (II) modeset(0): Modeline "1280x720"x120.0  156.12  1280 1376 1512 1744  720 721 724 746 doublescan -hsync +vsync (89.5 kHz d)
[    14.276] (II) modeset(0): Modeline "1280x720"x120.0  120.75  1280 1304 1320 1360  720 721 724 740 doublescan +hsync -vsync (88.8 kHz d)
[    14.276] (II) modeset(0): Modeline "1280x720"x59.9   74.50  1280 1344 1472 1664  720 723 728 748 -hsync +vsync (44.8 kHz d)
[    14.276] (II) modeset(0): Modeline "1280x720"x59.7   63.75  1280 1328 1360 1440  720 723 728 741 +hsync -vsync (44.3 kHz d)
[    14.276] (II) modeset(0): Modeline "1024x768"x120.1  133.47  1024 1100 1212 1400  768 768 770 794 doublescan -hsync +vsync (95.3 kHz d)
[    14.276] (II) modeset(0): Modeline "1024x768"x60.0   65.00  1024 1048 1184 1344  768 771 777 806 -hsync -vsync (48.4 kHz d)
[    14.276] (II) modeset(0): Modeline "1024x768"x59.9   63.53  1024 1072 1176 1328  768 771 775 798 -hsync +vsync (47.8 kHz)
[    14.276] (II) modeset(0): Modeline "960x720"x120.0  117.00  960 1024 1128 1300  720 720 722 750 doublescan -hsync +vsync (90.0 kHz d)
[    14.276] (II) modeset(0): Modeline "928x696"x120.1  109.15  928 976 1088 1264  696 696 698 719 doublescan -hsync +vsync (86.4 kHz d)
[    14.276] (II) modeset(0): Modeline "896x672"x120.0  102.40  896 960 1060 1224  672 672 674 697 doublescan -hsync +vsync (83.7 kHz d)
[    14.276] (II) modeset(0): Modeline "1024x576"x119.9   98.50  1024 1092 1200 1376  576 577 580 597 doublescan -hsync +vsync (71.6 kHz d)
[    14.276] (II) modeset(0): Modeline "1024x576"x119.9   78.38  1024 1048 1064 1104  576 577 580 592 doublescan +hsync -vsync (71.0 kHz d)
[    14.276] (II) modeset(0): Modeline "1024x576"x59.9   46.50  1024 1064 1160 1296  576 579 584 599 -hsync +vsync (35.9 kHz d)
[    14.276] (II) modeset(0): Modeline "1024x576"x59.8   42.00  1024 1072 1104 1184  576 579 584 593 +hsync -vsync (35.5 kHz d)
[    14.276] (II) modeset(0): Modeline "960x600"x119.9   96.62  960 1028 1128 1296  600 601 604 622 doublescan -hsync +vsync (74.6 kHz d)
[    14.276] (II) modeset(0): Modeline "960x600"x120.0   77.00  960 984 1000 1040  600 601 604 617 doublescan +hsync -vsync (74.0 kHz d)
[    14.276] (II) modeset(0): Modeline "960x540"x119.9   86.50  960 1024 1124 1288  540 541 544 560 doublescan -hsync +vsync (67.2 kHz d)
[    14.276] (II) modeset(0): Modeline "960x540"x120.0   69.25  960 984 1000 1040  540 541 544 555 doublescan +hsync -vsync (66.6 kHz d)
[    14.276] (II) modeset(0): Modeline "960x540"x59.6   40.75  960 992 1088 1216  540 543 548 562 -hsync +vsync (33.5 kHz d)
[    14.276] (II) modeset(0): Modeline "960x540"x59.8   37.25  960 1008 1040 1120  540 543 548 556 +hsync -vsync (33.3 kHz d)
[    14.276] (II) modeset(0): Modeline "800x600"x120.0   81.00  800 832 928 1080  600 600 602 625 doublescan +hsync +vsync (75.0 kHz d)
[    14.276] (II) modeset(0): Modeline "800x600"x60.3   40.00  800 840 968 1056  600 601 605 628 +hsync +vsync (37.9 kHz d)
[    14.276] (II) modeset(0): Modeline "800x600"x60.0   38.31  800 832 912 1024  600 603 607 624 -hsync +vsync (37.4 kHz)
[    14.276] (II) modeset(0): Modeline "800x600"x56.2   36.00  800 824 896 1024  600 601 603 625 +hsync +vsync (35.2 kHz d)
[    14.276] (II) modeset(0): Modeline "840x525"x120.0   73.12  840 892 980 1120  525 526 529 544 doublescan -hsync +vsync (65.3 kHz d)
[    14.276] (II) modeset(0): Modeline "840x525"x119.8   59.50  840 864 880 920  525 526 529 540 doublescan +hsync -vsync (64.7 kHz d)
[    14.276] (II) modeset(0): Modeline "864x486"x59.9   32.50  864 888 968 1072  486 489 494 506 -hsync +vsync (30.3 kHz d)
[    14.276] (II) modeset(0): Modeline "864x486"x59.6   30.50  864 912 944 1024  486 489 494 500 +hsync -vsync (29.8 kHz d)
[    14.276] (II) modeset(0): Modeline "700x525"x120.0   61.00  700 744 820 940  525 526 532 541 doublescan +hsync +vsync (64.9 kHz d)
[    14.276] (II) modeset(0): Modeline "800x450"x119.9   59.12  800 848 928 1056  450 451 454 467 doublescan -hsync +vsync (56.0 kHz d)
[    14.276] (II) modeset(0): Modeline "800x450"x119.6   48.75  800 824 840 880  450 451 454 463 doublescan +hsync -vsync (55.4 kHz d)
[    14.276] (II) modeset(0): Modeline "640x512"x120.0   54.00  640 664 720 844  512 512 514 533 doublescan +hsync +vsync (64.0 kHz d)
[    14.276] (II) modeset(0): Modeline "700x450"x119.9   51.75  700 740 812 924  450 451 456 467 doublescan -hsync +vsync (56.0 kHz d)
[    14.276] (II) modeset(0): Modeline "700x450"x119.8   43.25  700 724 740 780  450 451 456 463 doublescan +hsync -vsync (55.4 kHz d)
[    14.276] (II) modeset(0): Modeline "640x480"x120.0   54.00  640 688 744 900  480 480 482 500 doublescan +hsync +vsync (60.0 kHz d)
[    14.276] (II) modeset(0): Modeline "640x480"x59.9   25.18  640 656 752 800  480 490 492 525 -hsync -vsync (31.5 kHz d)
[    14.276] (II) modeset(0): Modeline "720x405"x59.5   22.50  720 744 808 896  405 408 413 422 -hsync +vsync (25.1 kHz d)
[    14.276] (II) modeset(0): Modeline "720x405"x59.0   21.75  720 768 800 880  405 408 413 419 +hsync -vsync (24.7 kHz d)
[    14.276] (II) modeset(0): Modeline "684x384"x119.8   42.62  684 720 788 892  384 385 390 399 doublescan -hsync +vsync (47.8 kHz d)
[    14.276] (II) modeset(0): Modeline "684x384"x119.7   36.12  684 708 724 764  384 385 390 395 doublescan +hsync -vsync (47.3 kHz d)
[    14.276] (II) modeset(0): Modeline "640x400"x119.8   41.75  640 676 740 840  400 401 404 415 doublescan -hsync +vsync (49.7 kHz d)
[    14.276] (II) modeset(0): Modeline "640x400"x120.0   35.50  640 664 680 720  400 401 404 411 doublescan +hsync -vsync (49.3 kHz d)
[    14.276] (II) modeset(0): Modeline "640x360"x119.7   37.25  640 672 736 832  360 361 364 374 doublescan -hsync +vsync (44.8 kHz d)
[    14.276] (II) modeset(0): Modeline "640x360"x119.7   31.88  640 664 680 720  360 361 364 370 doublescan +hsync -vsync (44.3 kHz d)
[    14.276] (II) modeset(0): Modeline "640x360"x59.8   18.00  640 664 720 800  360 363 368 376 -hsync +vsync (22.5 kHz d)
[    14.276] (II) modeset(0): Modeline "640x360"x59.3   17.75  640 688 720 800  360 363 368 374 +hsync -vsync (22.2 kHz d)
[    14.276] (II) modeset(0): Modeline "512x384"x120.0   32.50  512 524 592 672  384 385 388 403 doublescan -hsync -vsync (48.4 kHz d)
[    14.276] (II) modeset(0): Modeline "512x288"x120.0   23.25  512 532 580 648  288 289 292 299 doublescan -hsync +vsync (35.9 kHz d)
[    14.276] (II) modeset(0): Modeline "512x288"x119.8   21.00  512 536 552 592  288 289 292 296 doublescan +hsync -vsync (35.5 kHz d)
[    14.276] (II) modeset(0): Modeline "480x270"x119.3   20.38  480 496 544 608  270 271 274 281 doublescan -hsync +vsync (33.5 kHz d)
[    14.276] (II) modeset(0): Modeline "480x270"x119.6   18.62  480 504 520 560  270 271 274 278 doublescan +hsync -vsync (33.3 kHz d)
[    14.276] (II) modeset(0): Modeline "400x300"x120.6   20.00  400 420 484 528  300 300 302 314 doublescan +hsync +vsync (37.9 kHz d)
[    14.276] (II) modeset(0): Modeline "400x300"x112.7   18.00  400 412 448 512  300 300 301 312 doublescan +hsync +vsync (35.2 kHz d)
[    14.276] (II) modeset(0): Modeline "432x243"x119.8   16.25  432 444 484 536  243 244 247 253 doublescan -hsync +vsync (30.3 kHz d)
[    14.276] (II) modeset(0): Modeline "432x243"x119.1   15.25  432 456 472 512  243 244 247 250 doublescan +hsync -vsync (29.8 kHz d)
[    14.276] (II) modeset(0): Modeline "320x240"x120.1   12.59  320 328 376 400  240 245 246 262 doublescan -hsync -vsync (31.5 kHz d)
[    14.276] (II) modeset(0): Modeline "360x202"x119.0   11.25  360 372 404 448  202 204 206 211 doublescan -hsync +vsync (25.1 kHz d)
[    14.276] (II) modeset(0): Modeline "360x202"x118.3   10.88  360 384 400 440  202 204 206 209 doublescan +hsync -vsync (24.7 kHz d)
[    14.276] (II) modeset(0): Modeline "320x180"x119.7    9.00  320 332 360 400  180 181 184 188 doublescan -hsync +vsync (22.5 kHz d)
[    14.276] (II) modeset(0): Modeline "320x180"x118.6    8.88  320 344 360 400  180 181 184 187 doublescan +hsync -vsync (22.2 kHz d)
[    14.277] (II) modeset(0): EDID for output HDMI-1
[    14.277] (II) modeset(0): Output DP-1 disconnected
[    14.277] (II) modeset(0): Output DP-2 disconnected
[    14.277] (II) modeset(0): Output eDP-1 connected
[    14.277] (II) modeset(0): Output HDMI-1 disconnected
[    14.277] (II) modeset(0): Using exact sizes for initial modes
[    14.277] (II) modeset(0): Output eDP-1 using initial mode 1920x1080 +0+0
[    14.277] (==) modeset(0): Using gamma correction (1.0, 1.0, 1.0)
[    14.277] (==) modeset(0): DPI set to (96, 96)
[    14.277] (II) Loading sub module "fb"
[    14.277] (II) LoadModule: "fb"
[    14.277] (II) Module "fb" already built-in
[    14.277] (II) UnloadModule: "vesa"
[    14.277] (II) Unloading vesa
[    14.289] (==) modeset(0): Backing store enabled
[    14.289] (==) modeset(0): Silken mouse enabled
[    14.308] (II) modeset(0): Initializing kms color map for depth 24, 8 bpc.
[    14.309] (==) modeset(0): DPMS enabled
[    14.309] (II) modeset(0): [DRI2] Setup complete
[    14.309] (II) modeset(0): [DRI2]   DRI driver: nouveau
[    14.309] (II) modeset(0): [DRI2]   VDPAU driver: nouveau
[    14.309] (II) Initializing extension Generic Event Extension
[    14.309] (II) Initializing extension SHAPE
[    14.309] (II) Initializing extension MIT-SHM
[    14.309] (II) Initializing extension XInputExtension
[    14.309] (II) Initializing extension XTEST
[    14.309] (II) Initializing extension BIG-REQUESTS
[    14.309] (II) Initializing extension SYNC
[    14.309] (II) Initializing extension XKEYBOARD
[    14.309] (II) Initializing extension XC-MISC
[    14.309] (II) Initializing extension SECURITY
[    14.309] (II) Initializing extension XFIXES
[    14.309] (II) Initializing extension RENDER
[    14.309] (II) Initializing extension RANDR
[    14.309] (II) Initializing extension COMPOSITE
[    14.310] (II) Initializing extension DAMAGE
[    14.310] (II) Initializing extension MIT-SCREEN-SAVER
[    14.310] (II) Initializing extension DOUBLE-BUFFER
[    14.310] (II) Initializing extension RECORD
[    14.310] (II) Initializing extension DPMS
[    14.310] (II) Initializing extension Present
[    14.310] (II) Initializing extension DRI3
[    14.310] (II) Initializing extension X-Resource
[    14.310] (II) Initializing extension XVideo
[    14.310] (II) Initializing extension XVideo-MotionCompensation
[    14.310] (II) Initializing extension GLX
[    14.313] (II) AIGLX: Loaded and initialized nouveau
[    14.313] (II) GLX: Initialized DRI2 GL provider for screen 0
[    14.313] (II) Initializing extension XFree86-VidModeExtension
[    14.313] (II) Initializing extension XFree86-DGA
[    14.313] (II) Initializing extension XFree86-DRI
[    14.313] (II) Initializing extension DRI2
[    14.313] (II) modeset(0): Damage tracking initialized
[    14.313] (II) modeset(0): Setting screen physical size to 508 x 285
[    14.375] (II) config/udev: Adding input device Video Bus (/dev/input/event11)
[    14.375] (**) Video Bus: Applying InputClass "libinput keyboard catchall"
[    14.375] (**) Video Bus: Applying InputClass "system-keyboard"
[    14.375] (II) LoadModule: "libinput"
[    14.375] (II) Loading /usr/lib/xorg/modules/input/libinput_drv.so
[    14.377] (II) Module libinput: vendor="X.Org Foundation"
[    14.377] 	compiled for 1.21.1.3, module version = 1.2.1
[    14.377] 	Module class: X.Org XInput Driver
[    14.377] 	ABI class: X.Org XInput driver, version 24.4
[    14.377] (II) Using input driver 'libinput' for 'Video Bus'
[    14.378] (II) systemd-logind: got fd for /dev/input/event11 13:75 fd 25 paused 0
[    14.378] (**) Video Bus: always reports core events
[    14.378] (**) Option "Device" "/dev/input/event11"
[    14.381] (II) event11 - Video Bus: is tagged by udev as: Keyboard
[    14.381] (II) event11 - Video Bus: device is a keyboard
[    14.381] (II) event11 - Video Bus: device removed
[    14.381] (**) Option "config_info" "udev:/sys/devices/LNXSYSTM:00/LNXSYBUS:00/PNP0A08:00/device:00/LNXVIDEO:00/input/input11/event11"
[    14.381] (II) XINPUT: Adding extended input device "Video Bus" (type: KEYBOARD, id 6)
[    14.381] (**) Option "xkb_model" "pc105+inet"
[    14.381] (**) Option "xkb_layout" "us"
[    14.381] (**) Option "xkb_options" "terminate:ctrl_alt_bksp"
[    14.393] (II) event11 - Video Bus: is tagged by udev as: Keyboard
[    14.394] (II) event11 - Video Bus: device is a keyboard
[    14.394] (II) config/udev: Adding input device Power Button (/dev/input/event1)
[    14.394] (**) Power Button: Applying InputClass "libinput keyboard catchall"
[    14.394] (**) Power Button: Applying InputClass "system-keyboard"
[    14.394] (II) Using input driver 'libinput' for 'Power Button'
[    14.395] (II) systemd-logind: got fd for /dev/input/event1 13:65 fd 28 paused 0
[    14.395] (**) Power Button: always reports core events
[    14.395] (**) Option "Device" "/dev/input/event1"
[    14.395] (II) event1  - Power Button: is tagged by udev as: Keyboard
[    14.395] (II) event1  - Power Button: device is a keyboard
[    14.395] (II) event1  - Power Button: device removed
[    14.395] (**) Option "config_info" "udev:/sys/devices/LNXSYSTM:00/LNXSYBUS:00/PNP0C0C:00/input/input1/event1"
[    14.395] (II) XINPUT: Adding extended input device "Power Button" (type: KEYBOARD, id 7)
[    14.395] (**) Option "xkb_model" "pc105+inet"
[    14.395] (**) Option "xkb_layout" "us"
[    14.395] (**) Option "xkb_options" "terminate:ctrl_alt_bksp"
[    14.396] (II) event1  - Power Button: is tagged by udev as: Keyboard
[    14.396] (II) event1  - Power Button: device is a keyboard
[    14.396] (II) config/udev: Adding input device Lid Switch (/dev/input/event0)
[    14.396] (II) No input driver specified, ignoring this device.
[    14.396] (II) This device may have been added with another device file.
[    14.397] (II) config/udev: Adding input device HDA NVidia HDMI/DP,pcm=3 (/dev/input/event7)
[    14.397] (II) No input driver specified, ignoring this device.
[    14.397] (II) This device may have been added with another device file.
[    14.397] (II) config/udev: Adding input device HDA NVidia HDMI/DP,pcm=7 (/dev/input/event9)
[    14.397] (II) No input driver specified, ignoring this device.
[    14.397] (II) This device may have been added with another device file.
[    14.397] (II) config/udev: Adding input device HDA NVidia HDMI/DP,pcm=8 (/dev/input/event10)
[    14.397] (II) No input driver specified, ignoring this device.
[    14.397] (II) This device may have been added with another device file.
[    14.398] (II) config/udev: Adding input device HDA NVidia HDMI/DP,pcm=9 (/dev/input/event16)
[    14.398] (II) No input driver specified, ignoring this device.
[    14.398] (II) This device may have been added with another device file.
[    14.398] (II) config/udev: Adding input device HDA NVidia HDMI/DP,pcm=10 (/dev/input/event17)
[    14.398] (II) No input driver specified, ignoring this device.
[    14.398] (II) This device may have been added with another device file.
[    14.398] (II) config/udev: Adding input device HDA NVidia HDMI/DP,pcm=11 (/dev/input/event19)
[    14.399] (II) No input driver specified, ignoring this device.
[    14.399] (II) This device may have been added with another device file.
[    14.399] (II) config/udev: Adding input device Logitech G300s Optical Gaming Mouse (/dev/input/event3)
[    14.399] (**) Logitech G300s Optical Gaming Mouse: Applying InputClass "libinput pointer catchall"
[    14.399] (II) Using input driver 'libinput' for 'Logitech G300s Optical Gaming Mouse'
[    14.455] (II) systemd-logind: got fd for /dev/input/event3 13:67 fd 29 paused 0
[    14.455] (**) Logitech G300s Optical Gaming Mouse: always reports core events
[    14.455] (**) Option "Device" "/dev/input/event3"
[    14.457] (II) event3  - Logitech G300s Optical Gaming Mouse: is tagged by udev as: Mouse
[    14.457] (II) event3  - Logitech G300s Optical Gaming Mouse: device is a pointer
[    14.458] (II) event3  - Logitech G300s Optical Gaming Mouse: device removed
[    14.458] (**) Option "config_info" "udev:/sys/devices/pci0000:00/0000:00:14.0/usb1/1-1/1-1:1.0/0003:046D:C246.0001/input/input3/event3"
[    14.458] (II) XINPUT: Adding extended input device "Logitech G300s Optical Gaming Mouse" (type: MOUSE, id 8)
[    14.458] (**) Option "AccelerationScheme" "none"
[    14.458] (**) Logitech G300s Optical Gaming Mouse: (accel) selected scheme none/0
[    14.458] (**) Logitech G300s Optical Gaming Mouse: (accel) acceleration factor: 2.000
[    14.458] (**) Logitech G300s Optical Gaming Mouse: (accel) acceleration threshold: 4
[    14.460] (II) event3  - Logitech G300s Optical Gaming Mouse: is tagged by udev as: Mouse
[    14.460] (II) event3  - Logitech G300s Optical Gaming Mouse: device is a pointer
[    14.462] (II) config/udev: Adding input device Logitech G300s Optical Gaming Mouse (/dev/input/mouse0)
[    14.462] (II) No input driver specified, ignoring this device.
[    14.462] (II) This device may have been added with another device file.
[    14.463] (II) config/udev: Adding input device Logitech G300s Optical Gaming Mouse Keyboard (/dev/input/event4)
[    14.463] (**) Logitech G300s Optical Gaming Mouse Keyboard: Applying InputClass "libinput keyboard catchall"
[    14.463] (**) Logitech G300s Optical Gaming Mouse Keyboard: Applying InputClass "system-keyboard"
[    14.463] (II) Using input driver 'libinput' for 'Logitech G300s Optical Gaming Mouse Keyboard'
[    14.465] (II) systemd-logind: got fd for /dev/input/event4 13:68 fd 30 paused 0
[    14.465] (**) Logitech G300s Optical Gaming Mouse Keyboard: always reports core events
[    14.465] (**) Option "Device" "/dev/input/event4"
[    14.467] (II) event4  - Logitech G300s Optical Gaming Mouse Keyboard: is tagged by udev as: Keyboard
[    14.467] (II) event4  - Logitech G300s Optical Gaming Mouse Keyboard: device is a keyboard
[    14.468] (II) event4  - Logitech G300s Optical Gaming Mouse Keyboard: device removed
[    14.468] (**) Option "config_info" "udev:/sys/devices/pci0000:00/0000:00:14.0/usb1/1-1/1-1:1.1/0003:046D:C246.0002/input/input4/event4"
[    14.468] (II) XINPUT: Adding extended input device "Logitech G300s Optical Gaming Mouse Keyboard" (type: KEYBOARD, id 9)
[    14.468] (**) Option "xkb_model" "pc105+inet"
[    14.468] (**) Option "xkb_layout" "us"
[    14.468] (**) Option "xkb_options" "terminate:ctrl_alt_bksp"
[    14.471] (II) event4  - Logitech G300s Optical Gaming Mouse Keyboard: is tagged by udev as: Keyboard
[    14.471] (II) event4  - Logitech G300s Optical Gaming Mouse Keyboard: device is a keyboard
[    14.473] (II) config/udev: Adding input device Logitech G300s Optical Gaming Mouse (/dev/input/event5)
[    14.473] (II) No input driver specified, ignoring this device.
[    14.473] (II) This device may have been added with another device file.
[    14.475] (II) config/udev: Adding input device SEMITEK USB-HID Gaming Keyboard (/dev/input/event6)
[    14.475] (**) SEMITEK USB-HID Gaming Keyboard: Applying InputClass "libinput keyboard catchall"
[    14.475] (**) SEMITEK USB-HID Gaming Keyboard: Applying InputClass "system-keyboard"
[    14.475] (II) Using input driver 'libinput' for 'SEMITEK USB-HID Gaming Keyboard'
[    14.476] (II) systemd-logind: got fd for /dev/input/event6 13:70 fd 31 paused 0
[    14.476] (**) SEMITEK USB-HID Gaming Keyboard: always reports core events
[    14.476] (**) Option "Device" "/dev/input/event6"
[    14.479] (II) event6  - SEMITEK USB-HID Gaming Keyboard: is tagged by udev as: Keyboard
[    14.479] (II) event6  - SEMITEK USB-HID Gaming Keyboard: device is a keyboard
[    14.479] (II) event6  - SEMITEK USB-HID Gaming Keyboard: device removed
[    14.479] (**) Option "config_info" "udev:/sys/devices/pci0000:00/0000:00:14.0/usb1/1-3/1-3:1.0/0003:1EA7:0907.0003/input/input17/event6"
[    14.479] (II) XINPUT: Adding extended input device "SEMITEK USB-HID Gaming Keyboard" (type: KEYBOARD, id 10)
[    14.479] (**) Option "xkb_model" "pc105+inet"
[    14.479] (**) Option "xkb_layout" "us"
[    14.479] (**) Option "xkb_options" "terminate:ctrl_alt_bksp"
[    14.482] (II) event6  - SEMITEK USB-HID Gaming Keyboard: is tagged by udev as: Keyboard
[    14.482] (II) event6  - SEMITEK USB-HID Gaming Keyboard: device is a keyboard
[    14.484] (II) config/udev: Adding input device SEMITEK USB-HID Gaming Keyboard (/dev/input/event8)
[    14.485] (**) SEMITEK USB-HID Gaming Keyboard: Applying InputClass "libinput pointer catchall"
[    14.485] (**) SEMITEK USB-HID Gaming Keyboard: Applying InputClass "libinput keyboard catchall"
[    14.485] (**) SEMITEK USB-HID Gaming Keyboard: Applying InputClass "system-keyboard"
[    14.485] (II) Using input driver 'libinput' for 'SEMITEK USB-HID Gaming Keyboard'
[    14.486] (II) systemd-logind: got fd for /dev/input/event8 13:72 fd 32 paused 0
[    14.486] (**) SEMITEK USB-HID Gaming Keyboard: always reports core events
[    14.486] (**) Option "Device" "/dev/input/event8"
[    14.488] (II) event8  - SEMITEK USB-HID Gaming Keyboard: is tagged by udev as: Keyboard Mouse
[    14.489] (II) event8  - SEMITEK USB-HID Gaming Keyboard: device is a pointer
[    14.489] (II) event8  - SEMITEK USB-HID Gaming Keyboard: device is a keyboard
[    14.489] (II) event8  - SEMITEK USB-HID Gaming Keyboard: device removed
[    14.489] (II) libinput: SEMITEK USB-HID Gaming Keyboard: needs a virtual subdevice
[    14.489] (**) Option "config_info" "udev:/sys/devices/pci0000:00/0000:00:14.0/usb1/1-3/1-3:1.2/0003:1EA7:0907.0005/input/input24/event8"
[    14.489] (II) XINPUT: Adding extended input device "SEMITEK USB-HID Gaming Keyboard" (type: MOUSE, id 11)
[    14.489] (**) Option "AccelerationScheme" "none"
[    14.490] (**) SEMITEK USB-HID Gaming Keyboard: (accel) selected scheme none/0
[    14.490] (**) SEMITEK USB-HID Gaming Keyboard: (accel) acceleration factor: 2.000
[    14.490] (**) SEMITEK USB-HID Gaming Keyboard: (accel) acceleration threshold: 4
[    14.492] (II) event8  - SEMITEK USB-HID Gaming Keyboard: is tagged by udev as: Keyboard Mouse
[    14.493] (II) event8  - SEMITEK USB-HID Gaming Keyboard: device is a pointer
[    14.493] (II) event8  - SEMITEK USB-HID Gaming Keyboard: device is a keyboard
[    14.494] (II) config/udev: Adding input device SEMITEK USB-HID Gaming Keyboard (/dev/input/mouse1)
[    14.494] (**) SEMITEK USB-HID Gaming Keyboard: Applying InputClass "system-keyboard"
[    14.494] (II) No input driver specified, ignoring this device.
[    14.494] (II) This device may have been added with another device file.
[    14.496] (II) config/udev: Adding input device Integrated Camera: Integrated C (/dev/input/event15)
[    14.496] (**) Integrated Camera: Integrated C: Applying InputClass "libinput keyboard catchall"
[    14.496] (**) Integrated Camera: Integrated C: Applying InputClass "system-keyboard"
[    14.496] (II) Using input driver 'libinput' for 'Integrated Camera: Integrated C'
[    14.497] (II) systemd-logind: got fd for /dev/input/event15 13:79 fd 33 paused 0
[    14.497] (**) Integrated Camera: Integrated C: always reports core events
[    14.497] (**) Option "Device" "/dev/input/event15"
[    14.499] (II) event15 - Integrated Camera: Integrated C: is tagged by udev as: Keyboard
[    14.499] (II) event15 - Integrated Camera: Integrated C: device is a keyboard
[    14.500] (II) event15 - Integrated Camera: Integrated C: device removed
[    14.500] (**) Option "config_info" "udev:/sys/devices/pci0000:00/0000:00:14.0/usb1/1-6/1-6:1.0/input/input28/event15"
[    14.500] (II) XINPUT: Adding extended input device "Integrated Camera: Integrated C" (type: KEYBOARD, id 12)
[    14.500] (**) Option "xkb_model" "pc105+inet"
[    14.500] (**) Option "xkb_layout" "us"
[    14.500] (**) Option "xkb_options" "terminate:ctrl_alt_bksp"
[    14.502] (II) event15 - Integrated Camera: Integrated C: is tagged by udev as: Keyboard
[    14.502] (II) event15 - Integrated Camera: Integrated C: device is a keyboard
[    14.503] (II) config/udev: Adding input device ITE Tech. Inc. ITE Device(8910) Keyboard (/dev/input/event12)
[    14.503] (**) ITE Tech. Inc. ITE Device(8910) Keyboard: Applying InputClass "libinput keyboard catchall"
[    14.503] (**) ITE Tech. Inc. ITE Device(8910) Keyboard: Applying InputClass "system-keyboard"
[    14.503] (II) Using input driver 'libinput' for 'ITE Tech. Inc. ITE Device(8910) Keyboard'
[    14.503] (II) systemd-logind: got fd for /dev/input/event12 13:76 fd 34 paused 0
[    14.503] (**) ITE Tech. Inc. ITE Device(8910) Keyboard: always reports core events
[    14.503] (**) Option "Device" "/dev/input/event12"
[    14.504] (II) event12 - ITE Tech. Inc. ITE Device(8910) Keyboard: is tagged by udev as: Keyboard
[    14.504] (II) event12 - ITE Tech. Inc. ITE Device(8910) Keyboard: device is a keyboard
[    14.505] (II) event12 - ITE Tech. Inc. ITE Device(8910) Keyboard: device removed
[    14.505] (II) libinput: ITE Tech. Inc. ITE Device(8910) Keyboard: needs a virtual subdevice
[    14.505] (**) Option "config_info" "udev:/sys/devices/pci0000:00/0000:00:14.0/usb1/1-9/1-9:1.0/0003:048D:C100.0006/input/input12/event12"
[    14.505] (II) XINPUT: Adding extended input device "ITE Tech. Inc. ITE Device(8910) Keyboard" (type: MOUSE, id 13)
[    14.505] (**) Option "AccelerationScheme" "none"
[    14.505] (**) ITE Tech. Inc. ITE Device(8910) Keyboard: (accel) selected scheme none/0
[    14.505] (**) ITE Tech. Inc. ITE Device(8910) Keyboard: (accel) acceleration factor: 2.000
[    14.505] (**) ITE Tech. Inc. ITE Device(8910) Keyboard: (accel) acceleration threshold: 4
[    14.506] (II) event12 - ITE Tech. Inc. ITE Device(8910) Keyboard: is tagged by udev as: Keyboard
[    14.506] (II) event12 - ITE Tech. Inc. ITE Device(8910) Keyboard: device is a keyboard
[    14.507] (II) config/udev: Adding input device MSFT0001:01 04F3:309E Mouse (/dev/input/event14)
[    14.507] (**) MSFT0001:01 04F3:309E Mouse: Applying InputClass "libinput pointer catchall"
[    14.507] (II) Using input driver 'libinput' for 'MSFT0001:01 04F3:309E Mouse'
[    14.507] (II) systemd-logind: got fd for /dev/input/event14 13:78 fd 35 paused 0
[    14.507] (**) MSFT0001:01 04F3:309E Mouse: always reports core events
[    14.507] (**) Option "Device" "/dev/input/event14"
[    14.508] (II) event14 - MSFT0001:01 04F3:309E Mouse: is tagged by udev as: Mouse Pointingstick
[    14.508] (II) event14 - MSFT0001:01 04F3:309E Mouse: device is a pointer
[    14.509] (II) event14 - MSFT0001:01 04F3:309E Mouse: device removed
[    14.509] (**) Option "config_info" "udev:/sys/devices/pci0000:00/0000:00:15.1/i2c_designware.1/i2c-1/i2c-MSFT0001:01/0018:04F3:309E.0007/input/input25/event14"
[    14.509] (II) XINPUT: Adding extended input device "MSFT0001:01 04F3:309E Mouse" (type: MOUSE, id 14)
[    14.509] (**) Option "AccelerationScheme" "none"
[    14.509] (**) MSFT0001:01 04F3:309E Mouse: (accel) selected scheme none/0
[    14.509] (**) MSFT0001:01 04F3:309E Mouse: (accel) acceleration factor: 2.000
[    14.509] (**) MSFT0001:01 04F3:309E Mouse: (accel) acceleration threshold: 4
[    14.510] (II) event14 - MSFT0001:01 04F3:309E Mouse: is tagged by udev as: Mouse Pointingstick
[    14.510] (II) event14 - MSFT0001:01 04F3:309E Mouse: device is a pointer
[    14.511] (II) config/udev: Adding input device MSFT0001:01 04F3:309E Mouse (/dev/input/mouse2)
[    14.511] (II) No input driver specified, ignoring this device.
[    14.511] (II) This device may have been added with another device file.
[    14.512] (II) config/udev: Adding input device MSFT0001:01 04F3:309E Touchpad (/dev/input/event18)
[    14.512] (**) MSFT0001:01 04F3:309E Touchpad: Applying InputClass "libinput touchpad catchall"
[    14.512] (II) Using input driver 'libinput' for 'MSFT0001:01 04F3:309E Touchpad'
[    14.512] (II) systemd-logind: got fd for /dev/input/event18 13:82 fd 36 paused 0
[    14.512] (**) MSFT0001:01 04F3:309E Touchpad: always reports core events
[    14.512] (**) Option "Device" "/dev/input/event18"
[    14.513] (II) event18 - MSFT0001:01 04F3:309E Touchpad: is tagged by udev as: Touchpad
[    14.514] (II) event18 - MSFT0001:01 04F3:309E Touchpad: device is a touchpad
[    14.514] (II) event18 - MSFT0001:01 04F3:309E Touchpad: device removed
[    14.514] (**) Option "config_info" "udev:/sys/devices/pci0000:00/0000:00:15.1/i2c_designware.1/i2c-1/i2c-MSFT0001:01/0018:04F3:309E.0007/input/input27/event18"
[    14.514] (II) XINPUT: Adding extended input device "MSFT0001:01 04F3:309E Touchpad" (type: TOUCHPAD, id 15)
[    14.515] (**) Option "AccelerationScheme" "none"
[    14.515] (**) MSFT0001:01 04F3:309E Touchpad: (accel) selected scheme none/0
[    14.515] (**) MSFT0001:01 04F3:309E Touchpad: (accel) acceleration factor: 2.000
[    14.515] (**) MSFT0001:01 04F3:309E Touchpad: (accel) acceleration threshold: 4
[    14.516] (II) event18 - MSFT0001:01 04F3:309E Touchpad: is tagged by udev as: Touchpad
[    14.516] (II) event18 - MSFT0001:01 04F3:309E Touchpad: device is a touchpad
[    14.517] (II) config/udev: Adding input device MSFT0001:01 04F3:309E Touchpad (/dev/input/mouse3)
[    14.517] (II) No input driver specified, ignoring this device.
[    14.517] (II) This device may have been added with another device file.
[    14.518] (II) config/udev: Adding input device Ideapad extra buttons (/dev/input/event13)
[    14.518] (**) Ideapad extra buttons: Applying InputClass "libinput keyboard catchall"
[    14.518] (**) Ideapad extra buttons: Applying InputClass "system-keyboard"
[    14.518] (II) Using input driver 'libinput' for 'Ideapad extra buttons'
[    14.518] (II) systemd-logind: got fd for /dev/input/event13 13:77 fd 37 paused 0
[    14.518] (**) Ideapad extra buttons: always reports core events
[    14.518] (**) Option "Device" "/dev/input/event13"
[    14.519] (II) event13 - Ideapad extra buttons: is tagged by udev as: Keyboard
[    14.519] (II) event13 - Ideapad extra buttons: device is a keyboard
[    14.519] (II) event13 - Ideapad extra buttons: device removed
[    14.519] (**) Option "config_info" "udev:/sys/devices/pci0000:00/0000:00:1f.0/PNP0C09:00/VPC2004:00/input/input13/event13"
[    14.519] (II) XINPUT: Adding extended input device "Ideapad extra buttons" (type: KEYBOARD, id 16)
[    14.519] (**) Option "xkb_model" "pc105+inet"
[    14.519] (**) Option "xkb_layout" "us"
[    14.519] (**) Option "xkb_options" "terminate:ctrl_alt_bksp"
[    14.520] (II) event13 - Ideapad extra buttons: is tagged by udev as: Keyboard
[    14.520] (II) event13 - Ideapad extra buttons: device is a keyboard
[    14.520] (II) config/udev: Adding input device HDA Intel PCH Mic (/dev/input/event20)
[    14.520] (II) No input driver specified, ignoring this device.
[    14.520] (II) This device may have been added with another device file.
[    14.520] (II) config/udev: Adding input device HDA Intel PCH Headphone (/dev/input/event21)
[    14.520] (II) No input driver specified, ignoring this device.
[    14.520] (II) This device may have been added with another device file.
[    14.521] (II) config/udev: Adding input device AT Translated Set 2 keyboard (/dev/input/event2)
[    14.521] (**) AT Translated Set 2 keyboard: Applying InputClass "libinput keyboard catchall"
[    14.521] (**) AT Translated Set 2 keyboard: Applying InputClass "system-keyboard"
[    14.521] (II) Using input driver 'libinput' for 'AT Translated Set 2 keyboard'
[    14.521] (II) systemd-logind: got fd for /dev/input/event2 13:66 fd 38 paused 0
[    14.521] (**) AT Translated Set 2 keyboard: always reports core events
[    14.521] (**) Option "Device" "/dev/input/event2"
[    14.522] (II) event2  - AT Translated Set 2 keyboard: is tagged by udev as: Keyboard
[    14.522] (II) event2  - AT Translated Set 2 keyboard: device is a keyboard
[    14.523] (II) event2  - AT Translated Set 2 keyboard: device removed
[    14.523] (**) Option "config_info" "udev:/sys/devices/platform/i8042/serio0/input/input2/event2"
[    14.523] (II) XINPUT: Adding extended input device "AT Translated Set 2 keyboard" (type: KEYBOARD, id 17)
[    14.523] (**) Option "xkb_model" "pc105+inet"
[    14.523] (**) Option "xkb_layout" "us"
[    14.523] (**) Option "xkb_options" "terminate:ctrl_alt_bksp"
[    14.523] (II) event2  - AT Translated Set 2 keyboard: is tagged by udev as: Keyboard
[    14.523] (II) event2  - AT Translated Set 2 keyboard: device is a keyboard
[    14.529] (**) SEMITEK USB-HID Gaming Keyboard: Applying InputClass "libinput pointer catchall"
[    14.529] (**) SEMITEK USB-HID Gaming Keyboard: Applying InputClass "libinput keyboard catchall"
[    14.529] (**) SEMITEK USB-HID Gaming Keyboard: Applying InputClass "system-keyboard"
[    14.529] (II) Using input driver 'libinput' for 'SEMITEK USB-HID Gaming Keyboard'
[    14.529] (II) systemd-logind: returning pre-existing fd for /dev/input/event8 13:72
[    14.529] (**) SEMITEK USB-HID Gaming Keyboard: always reports core events
[    14.529] (**) Option "Device" "/dev/input/event8"
[    14.529] (II) libinput: SEMITEK USB-HID Gaming Keyboard: is a virtual subdevice
[    14.529] (**) Option "config_info" "udev:/sys/devices/pci0000:00/0000:00:14.0/usb1/1-3/1-3:1.2/0003:1EA7:0907.0005/input/input24/event8"
[    14.529] (II) XINPUT: Adding extended input device "SEMITEK USB-HID Gaming Keyboard" (type: KEYBOARD, id 18)
[    14.529] (**) Option "xkb_model" "pc105+inet"
[    14.529] (**) Option "xkb_layout" "us"
[    14.529] (**) Option "xkb_options" "terminate:ctrl_alt_bksp"
[    14.529] (**) ITE Tech. Inc. ITE Device(8910) Keyboard: Applying InputClass "libinput keyboard catchall"
[    14.529] (**) ITE Tech. Inc. ITE Device(8910) Keyboard: Applying InputClass "system-keyboard"
[    14.529] (II) Using input driver 'libinput' for 'ITE Tech. Inc. ITE Device(8910) Keyboard'
[    14.529] (II) systemd-logind: returning pre-existing fd for /dev/input/event12 13:76
[    14.529] (**) ITE Tech. Inc. ITE Device(8910) Keyboard: always reports core events
[    14.529] (**) Option "Device" "/dev/input/event12"
[    14.529] (II) libinput: ITE Tech. Inc. ITE Device(8910) Keyboard: is a virtual subdevice
[    14.529] (**) Option "config_info" "udev:/sys/devices/pci0000:00/0000:00:14.0/usb1/1-9/1-9:1.0/0003:048D:C100.0006/input/input12/event12"
[    14.529] (II) XINPUT: Adding extended input device "ITE Tech. Inc. ITE Device(8910) Keyboard" (type: KEYBOARD, id 19)
[    14.529] (**) Option "xkb_model" "pc105+inet"
[    14.529] (**) Option "xkb_layout" "us"
[    14.529] (**) Option "xkb_options" "terminate:ctrl_alt_bksp"
[    14.586] (II) modeset(0): Disabling kernel dirty updates, not required.
[    14.949] (II) modeset(0): EDID vendor "AUO", prod id 8685
[    14.949] (II) modeset(0): Printing DDC gathered Modelines:
[    14.949] (II) modeset(0): Modeline "1920x1080"x0.0  141.00  1920 2028 2076 2100  1080 1090 1100 1116 -hsync -vsync (67.1 kHz eP)
[    45.564] (II) config/udev: Adding input device Galaxy Buds Pro (4C90) (AVRCP) (/dev/input/event22)
[    45.564] (**) Galaxy Buds Pro (4C90) (AVRCP): Applying InputClass "libinput keyboard catchall"
[    45.564] (**) Galaxy Buds Pro (4C90) (AVRCP): Applying InputClass "system-keyboard"
[    45.564] (II) Using input driver 'libinput' for 'Galaxy Buds Pro (4C90) (AVRCP)'
[    45.565] (II) systemd-logind: got fd for /dev/input/event22 13:86 fd 48 paused 0
[    45.565] (**) Galaxy Buds Pro (4C90) (AVRCP): always reports core events
[    45.565] (**) Option "Device" "/dev/input/event22"
[    45.565] (II) event22 - Galaxy Buds Pro (4C90) (AVRCP): is tagged by udev as: Keyboard
[    45.565] (II) event22 - Galaxy Buds Pro (4C90) (AVRCP): device is a keyboard
[    45.566] (II) event22 - Galaxy Buds Pro (4C90) (AVRCP): device removed
[    45.566] (**) Option "config_info" "udev:/sys/devices/virtual/input/input31/event22"
[    45.566] (II) XINPUT: Adding extended input device "Galaxy Buds Pro (4C90) (AVRCP)" (type: KEYBOARD, id 20)
[    45.566] (**) Option "xkb_model" "pc105+inet"
[    45.566] (**) Option "xkb_layout" "us"
[    45.566] (**) Option "xkb_options" "terminate:ctrl_alt_bksp"
[    45.566] (II) event22 - Galaxy Buds Pro (4C90) (AVRCP): is tagged by udev as: Keyboard
[    45.566] (II) event22 - Galaxy Buds Pro (4C90) (AVRCP): device is a keyboard
[   161.448] (**) Option "fd" "25"
[   161.448] (II) event11 - Video Bus: device removed
[   161.448] (**) Option "fd" "28"
[   161.448] (II) event1  - Power Button: device removed
[   161.448] (**) Option "fd" "29"
[   161.448] (II) event3  - Logitech G300s Optical Gaming Mouse: device removed
[   161.448] (**) Option "fd" "30"
[   161.448] (II) event4  - Logitech G300s Optical Gaming Mouse Keyboard: device removed
[   161.448] (**) Option "fd" "31"
[   161.448] (II) event6  - SEMITEK USB-HID Gaming Keyboard: device removed
[   161.448] (**) Option "fd" "32"
[   161.448] (**) Option "fd" "33"
[   161.448] (II) event15 - Integrated Camera: Integrated C: device removed
[   161.448] (**) Option "fd" "34"
[   161.449] (**) Option "fd" "35"
[   161.449] (II) event14 - MSFT0001:01 04F3:309E Mouse: device removed
[   161.449] (**) Option "fd" "36"
[   161.449] (II) event18 - MSFT0001:01 04F3:309E Touchpad: device removed
[   161.449] (**) Option "fd" "37"
[   161.449] (II) event13 - Ideapad extra buttons: device removed
[   161.449] (**) Option "fd" "38"
[   161.449] (II) event2  - AT Translated Set 2 keyboard: device removed
[   161.449] (**) Option "fd" "32"
[   161.449] (II) event8  - SEMITEK USB-HID Gaming Keyboard: device removed
[   161.449] (**) Option "fd" "34"
[   161.449] (II) event12 - ITE Tech. Inc. ITE Device(8910) Keyboard: device removed
[   161.449] (**) Option "fd" "48"
[   161.449] (II) event22 - Galaxy Buds Pro (4C90) (AVRCP): device removed
[   161.450] (II) UnloadModule: "libinput"
[   161.450] (II) systemd-logind: releasing fd for 13:86
[   161.450] (II) UnloadModule: "libinput"
[   161.451] (II) systemd-logind: not releasing fd for 13:76, still in use
[   161.451] (II) UnloadModule: "libinput"
[   161.451] (II) systemd-logind: not releasing fd for 13:72, still in use
[   161.451] (II) UnloadModule: "libinput"
[   161.451] (II) systemd-logind: releasing fd for 13:66
[   161.451] (II) UnloadModule: "libinput"
[   161.451] (II) systemd-logind: releasing fd for 13:77
[   161.452] (II) UnloadModule: "libinput"
[   161.452] (II) systemd-logind: releasing fd for 13:82
[   161.453] (II) UnloadModule: "libinput"
[   161.453] (II) systemd-logind: releasing fd for 13:78
[   161.455] (II) UnloadModule: "libinput"
[   161.455] (II) systemd-logind: releasing fd for 13:76
[   161.456] (II) UnloadModule: "libinput"
[   161.456] (II) systemd-logind: releasing fd for 13:79
[   161.456] (II) UnloadModule: "libinput"
[   161.457] (II) systemd-logind: releasing fd for 13:72
[   161.457] (II) UnloadModule: "libinput"
[   161.457] (II) systemd-logind: releasing fd for 13:70
[   161.458] (II) UnloadModule: "libinput"
[   161.458] (II) systemd-logind: releasing fd for 13:68
[   161.458] (II) UnloadModule: "libinput"
[   161.458] (II) systemd-logind: releasing fd for 13:67
[   161.458] (II) UnloadModule: "libinput"
[   161.458] (II) systemd-logind: releasing fd for 13:65
[   161.462] (II) UnloadModule: "libinput"
[   161.462] (II) systemd-logind: releasing fd for 13:75
[   161.498] (II) Server terminated successfully (0). Closing log file.
